CRITICAL - 2026-03-26 01:41:53 --> CodeIgniter\View\Exceptions\ViewException: Invalid file: "sub/index.php"
[Method: GET, Route: subkriteria]
in SYSTEMPATH\Exceptions\FrameworkException.php on line 39.
 1 SYSTEMPATH\View\View.php(226): CodeIgniter\Exceptions\FrameworkException::forInvalidFile('sub/index.php')
 2 SYSTEMPATH\Common.php(1250): CodeIgniter\View\View->render('sub/index', [], true)
 3 APPPATH\Controllers\SubKriteria.php(17): view('sub/index', [...])
 4 SYSTEMPATH\CodeIgniter.php(951): App\Controllers\SubKriteria->index()
 5 SYSTEMPATH\CodeIgniter.php(497): CodeIgniter\CodeIgniter->runController(Object(App\Controllers\SubKriteria))
 6 SYSTEMPATH\CodeIgniter.php(340): CodeIgniter\CodeIgniter->handleRequest(null, Object(Config\Cache), false)
 7 SYSTEMPATH\Boot.php(417): CodeIgniter\CodeIgniter->run()
 8 SYSTEMPATH\Boot.php(68): CodeIgniter\Boot::runCodeIgniter(Object(CodeIgniter\CodeIgniter))
 9 FCPATH\index.php(59): CodeIgniter\Boot::bootWeb(Object(Config\Paths))
CRITICAL - 2026-03-26 03:30:25 --> CodeIgniter\View\Exceptions\ViewException: Invalid file: "sub/index.php"
[Method: GET, Route: subkriteria]
in SYSTEMPATH\Exceptions\FrameworkException.php on line 39.
 1 SYSTEMPATH\View\View.php(226): CodeIgniter\Exceptions\FrameworkException::forInvalidFile('sub/index.php')
 2 SYSTEMPATH\Common.php(1250): CodeIgniter\View\View->render('sub/index', [], true)
 3 APPPATH\Controllers\SubKriteria.php(17): view('sub/index', [...])
 4 SYSTEMPATH\CodeIgniter.php(951): App\Controllers\SubKriteria->index()
 5 SYSTEMPATH\CodeIgniter.php(497): CodeIgniter\CodeIgniter->runController(Object(App\Controllers\SubKriteria))
 6 SYSTEMPATH\CodeIgniter.php(340): CodeIgniter\CodeIgniter->handleRequest(null, Object(Config\Cache), false)
 7 SYSTEMPATH\Boot.php(417): CodeIgniter\CodeIgniter->run()
 8 SYSTEMPATH\Boot.php(68): CodeIgniter\Boot::runCodeIgniter(Object(CodeIgniter\CodeIgniter))
 9 FCPATH\index.php(59): CodeIgniter\Boot::bootWeb(Object(Config\Paths))
CRITICAL - 2026-03-26 03:37:49 --> CodeIgniter\View\Exceptions\ViewException: Invalid file: "sub/index.php"
[Method: GET, Route: subkriteria]
in SYSTEMPATH\Exceptions\FrameworkException.php on line 39.
 1 SYSTEMPATH\View\View.php(226): CodeIgniter\Exceptions\FrameworkException::forInvalidFile('sub/index.php')
 2 SYSTEMPATH\Common.php(1250): CodeIgniter\View\View->render('sub/index', [], true)
 3 APPPATH\Controllers\SubKriteria.php(17): view('sub/index', [...])
 4 SYSTEMPATH\CodeIgniter.php(951): App\Controllers\SubKriteria->index()
 5 SYSTEMPATH\CodeIgniter.php(497): CodeIgniter\CodeIgniter->runController(Object(App\Controllers\SubKriteria))
 6 SYSTEMPATH\CodeIgniter.php(340): CodeIgniter\CodeIgniter->handleRequest(null, Object(Config\Cache), false)
 7 SYSTEMPATH\Boot.php(417): CodeIgniter\CodeIgniter->run()
 8 SYSTEMPATH\Boot.php(68): CodeIgniter\Boot::runCodeIgniter(Object(CodeIgniter\CodeIgniter))
 9 FCPATH\index.php(59): CodeIgniter\Boot::bootWeb(Object(Config\Paths))
