CRITICAL - 2026-04-06 01:51:13 --> ArgumentCountError: Too few arguments to function App\Controllers\Kriteria::index(), 0 passed in C:\xampp\htdocs\ci4\system\CodeIgniter.php on line 951 and exactly 1 expected
[Method: GET, Route: kriteria]
in APPPATH\Controllers\Kriteria.php on line 16.
 1 SYSTEMPATH\CodeIgniter.php(951): App\Controllers\Kriteria->index()
 2 SYSTEMPATH\CodeIgniter.php(497): CodeIgniter\CodeIgniter->runController(Object(App\Controllers\Kriteria))
 3 SYSTEMPATH\CodeIgniter.php(340): CodeIgniter\CodeIgniter->handleRequest(null, Object(Config\Cache), false)
 4 SYSTEMPATH\Boot.php(417): CodeIgniter\CodeIgniter->run()
 5 SYSTEMPATH\Boot.php(68): CodeIgniter\Boot::runCodeIgniter(Object(CodeIgniter\CodeIgniter))
 6 FCPATH\index.php(59): CodeIgniter\Boot::bootWeb(Object(Config\Paths))
CRITICAL - 2026-04-06 02:32:31 --> CodeIgniter\View\Exceptions\ViewException: Invalid file: "subkriteria/index.php"
[Method: GET, Route: subkriteria/9]
in SYSTEMPATH\Exceptions\FrameworkException.php on line 39.
 1 SYSTEMPATH\View\View.php(226): CodeIgniter\Exceptions\FrameworkException::forInvalidFile('subkriteria/index.php')
 2 SYSTEMPATH\Common.php(1250): CodeIgniter\View\View->render('subkriteria/index', [], true)
 3 APPPATH\Controllers\SubKriteria.php(22): view('subkriteria/index', [...])
 4 SYSTEMPATH\CodeIgniter.php(951): App\Controllers\SubKriteria->index('9')
 5 SYSTEMPATH\CodeIgniter.php(497): CodeIgniter\CodeIgniter->runController(Object(App\Controllers\SubKriteria))
 6 SYSTEMPATH\CodeIgniter.php(340): CodeIgniter\CodeIgniter->handleRequest(null, Object(Config\Cache), false)
 7 SYSTEMPATH\Boot.php(417): CodeIgniter\CodeIgniter->run()
 8 SYSTEMPATH\Boot.php(68): CodeIgniter\Boot::runCodeIgniter(Object(CodeIgniter\CodeIgniter))
 9 FCPATH\index.php(59): CodeIgniter\Boot::bootWeb(Object(Config\Paths))
CRITICAL - 2026-04-06 02:34:53 --> ErrorException: Undefined array key "id"
[Method: GET, Route: subkriteria/9]
in APPPATH\Views\subkriteria\index.php on line 32.
 1 APPPATH\Views\subkriteria\index.php(32): CodeIgniter\Debug\Exceptions->errorHandler(2, 'Undefined array key "id"', 'C:\\xampp\\htdocs\\ci4\\app\\Views\\subkriteria\\index.php', 32)
 2 SYSTEMPATH\View\View.php(238): include('C:\\xampp\\htdocs\\ci4\\app\\Views\\subkriteria\\index.php')
 3 SYSTEMPATH\View\View.php(241): CodeIgniter\View\View->CodeIgniter\View\{closure}()
 4 SYSTEMPATH\Common.php(1250): CodeIgniter\View\View->render('subkriteria/index', [], true)
 5 APPPATH\Controllers\SubKriteria.php(22): view('subkriteria/index', [...])
 6 SYSTEMPATH\CodeIgniter.php(951): App\Controllers\SubKriteria->index('9')
 7 SYSTEMPATH\CodeIgniter.php(497): CodeIgniter\CodeIgniter->runController(Object(App\Controllers\SubKriteria))
 8 SYSTEMPATH\CodeIgniter.php(340): CodeIgniter\CodeIgniter->handleRequest(null, Object(Config\Cache), false)
 9 SYSTEMPATH\Boot.php(417): CodeIgniter\CodeIgniter->run()
10 SYSTEMPATH\Boot.php(68): CodeIgniter\Boot::runCodeIgniter(Object(CodeIgniter\CodeIgniter))
11 FCPATH\index.php(59): CodeIgniter\Boot::bootWeb(Object(Config\Paths))
DEBUG - 2026-04-06 06:47:24 --> Session: Class initialized using 'CodeIgniter\Session\Handlers\FileHandler' driver.
DEBUG - 2026-04-06 06:47:24 --> Session: Class initialized using 'CodeIgniter\Session\Handlers\FileHandler' driver.
DEBUG - 2026-04-06 06:48:24 --> Session: Class initialized using 'CodeIgniter\Session\Handlers\FileHandler' driver.
DEBUG - 2026-04-06 06:48:24 --> Session: Class initialized using 'CodeIgniter\Session\Handlers\FileHandler' driver.
